

================================================================
== Vitis HLS Report for 'cordiccart2pol'
================================================================
* Date:           Sun Oct 26 07:39:22 2025

* Version:        2025.1 (Build 6135595 on May 21 2025)
* Project:        cordiccart2pol.comp
* Solution:       hls (Vivado IP Flow Target)
* Product family: zynq
* Target device:  xc7z020-clg400-1


================================================================
== Performance Estimates
================================================================
+ Timing: 
    * Summary: 
    +--------+----------+----------+------------+
    |  Clock |  Target  | Estimated| Uncertainty|
    +--------+----------+----------+------------+
    |ap_clk  |  10.00 ns|  6.163 ns|     2.70 ns|
    +--------+----------+----------+------------+

+ Latency: 
    * Summary: 
    +---------+---------+-----------+----------+-----+-----+---------+
    |  Latency (cycles) |  Latency (absolute)  |  Interval | Pipeline|
    |   min   |   max   |    min    |    max   | min | max |   Type  |
    +---------+---------+-----------+----------+-----+-----+---------+
    |        1|       45|  10.000 ns|  0.450 us|    2|   46|       no|
    +---------+---------+-----------+----------+-----+-----+---------+

    + Detail: 
        * Instance: 
        +----------------------------------------------------+-----------------------------------------+---------+---------+----------+----------+-----+-----+------------------------------------------------+
        |                                                    |                                         |  Latency (cycles) |  Latency (absolute) |  Interval |                    Pipeline                    |
        |                      Instance                      |                  Module                 |   min   |   max   |    min   |    max   | min | max |                      Type                      |
        +----------------------------------------------------+-----------------------------------------+---------+---------+----------+----------+-----+-----+------------------------------------------------+
        |grp_cordiccart2pol_Pipeline_VITIS_LOOP_48_1_fu_110  |cordiccart2pol_Pipeline_VITIS_LOOP_48_1  |       43|       43|  0.430 us|  0.430 us|   42|   42|  loop auto-rewind stp (delay=0 clock cycles(s))|
        +----------------------------------------------------+-----------------------------------------+---------+---------+----------+----------+-----+-----+------------------------------------------------+

        * Loop: 
        N/A



================================================================
== Utilization Estimates
================================================================
* Summary: 
+-----------------+---------+-----+--------+-------+-----+
|       Name      | BRAM_18K| DSP |   FF   |  LUT  | URAM|
+-----------------+---------+-----+--------+-------+-----+
|DSP              |        -|    -|       -|      -|    -|
|Expression       |        -|    -|       0|    143|    -|
|FIFO             |        -|    -|       -|      -|    -|
|Instance         |        0|    3|     143|    306|    -|
|Memory           |        -|    -|       -|      -|    -|
|Multiplexer      |        -|    -|       0|     52|    -|
|Register         |        -|    -|      43|      -|    -|
+-----------------+---------+-----+--------+-------+-----+
|Total            |        0|    3|     186|    501|    0|
+-----------------+---------+-----+--------+-------+-----+
|Available        |      280|  220|  106400|  53200|    0|
+-----------------+---------+-----+--------+-------+-----+
|Utilization (%)  |        0|    1|      ~0|     ~0|    0|
+-----------------+---------+-----+--------+-------+-----+

+ Detail: 
    * Instance: 
    +----------------------------------------------------+-----------------------------------------+---------+----+-----+-----+-----+
    |                      Instance                      |                  Module                 | BRAM_18K| DSP|  FF | LUT | URAM|
    +----------------------------------------------------+-----------------------------------------+---------+----+-----+-----+-----+
    |grp_cordiccart2pol_Pipeline_VITIS_LOOP_48_1_fu_110  |cordiccart2pol_Pipeline_VITIS_LOOP_48_1  |        0|   2|  143|  300|    0|
    |mul_12s_9ns_20_1_1_U11                              |mul_12s_9ns_20_1_1                       |        0|   1|    0|    6|    0|
    +----------------------------------------------------+-----------------------------------------+---------+----+-----+-----+-----+
    |Total                                               |                                         |        0|   3|  143|  306|    0|
    +----------------------------------------------------+-----------------------------------------+---------+----+-----+-----+-----+

    * DSP: 
    N/A

    * Memory: 
    N/A

    * FIFO: 
    N/A

    * Expression: 
    +-----------------------+----------+----+---+----+------------+------------+
    |     Variable Name     | Operation| DSP| FF| LUT| Bitwidth P0| Bitwidth P1|
    +-----------------------+----------+----+---+----+------------+------------+
    |add_ln74_fu_247_p2     |         +|   0|  0|  12|          11|          10|
    |cum_angle_fu_223_p2    |         +|   0|  0|  12|          12|          12|
    |x_2_fu_143_p2          |         -|   0|  0|  12|           1|          12|
    |y_2_fu_149_p2          |         -|   0|  0|  12|           1|          12|
    |icmp_ln32_fu_129_p2    |      icmp|   0|  0|  12|          12|           1|
    |icmp_ln73_fu_217_p2    |      icmp|   0|  0|  12|          12|          10|
    |icmp_ln74_fu_241_p2    |      icmp|   0|  0|  12|          12|          11|
    |or_ln32_fu_123_p2      |        or|   0|  0|  12|          12|          12|
    |cum_angle_4_fu_229_p3  |    select|   0|  0|  12|           1|          12|
    |select_ln74_fu_253_p3  |    select|   0|  0|  11|           1|          11|
    |x_3_fu_155_p3          |    select|   0|  0|  12|           1|          12|
    |y_3_fu_164_p3          |    select|   0|  0|  12|           1|          12|
    +-----------------------+----------+----+---+----+------------+------------+
    |Total                  |          |   0|  0| 143|          77|         127|
    +-----------------------+----------+----+---+----+------------+------------+

    * Multiplexer: 
    +-------------------------------------+----+-----------+-----+-----------+
    |                 Name                | LUT| Input Size| Bits| Total Bits|
    +-------------------------------------+----+-----------+-----+-----------+
    |ap_NS_fsm                            |  20|          4|    1|          4|
    |ap_phi_mux_storemerge_phi_fu_103_p4  |   9|          2|   11|         22|
    |r                                    |  14|          3|   12|         36|
    |storemerge_reg_99                    |   9|          2|   11|         22|
    +-------------------------------------+----+-----------+-----+-----------+
    |Total                                |  52|         11|   35|         84|
    +-------------------------------------+----+-----------+-----+-----------+

    * Register: 
    +-----------------------------------------------------------------+----+----+-----+-----------+
    |                               Name                              | FF | LUT| Bits| Const Bits|
    +-----------------------------------------------------------------+----+----+-----+-----------+
    |ap_CS_fsm                                                        |   3|   0|    3|          0|
    |grp_cordiccart2pol_Pipeline_VITIS_LOOP_48_1_fu_110_ap_start_reg  |   1|   0|    1|          0|
    |icmp_ln32_reg_279                                                |   1|   0|    1|          0|
    |storemerge_reg_99                                                |  11|   0|   11|          0|
    |tmp_3_reg_293                                                    |   3|   0|    9|          6|
    |x_3_reg_283                                                      |  12|   0|   12|          0|
    |y_3_reg_288                                                      |  12|   0|   12|          0|
    +-----------------------------------------------------------------+----+----+-----+-----------+
    |Total                                                            |  43|   0|   49|          6|
    +-----------------------------------------------------------------+----+----+-----+-----------+



================================================================
== Interface
================================================================
* Summary: 
+--------------+-----+-----+------------+----------------+--------------+
|   RTL Ports  | Dir | Bits|  Protocol  |  Source Object |    C Type    |
+--------------+-----+-----+------------+----------------+--------------+
|ap_clk        |   in|    1|  ap_ctrl_hs|  cordiccart2pol|  return value|
|ap_rst        |   in|    1|  ap_ctrl_hs|  cordiccart2pol|  return value|
|ap_start      |   in|    1|  ap_ctrl_hs|  cordiccart2pol|  return value|
|ap_done       |  out|    1|  ap_ctrl_hs|  cordiccart2pol|  return value|
|ap_idle       |  out|    1|  ap_ctrl_hs|  cordiccart2pol|  return value|
|ap_ready      |  out|    1|  ap_ctrl_hs|  cordiccart2pol|  return value|
|x             |   in|   12|     ap_none|               x|        scalar|
|y             |   in|   12|     ap_none|               y|        scalar|
|r             |  out|   12|      ap_vld|               r|       pointer|
|r_ap_vld      |  out|    1|      ap_vld|               r|       pointer|
|theta         |  out|   12|      ap_vld|           theta|       pointer|
|theta_ap_vld  |  out|    1|      ap_vld|           theta|       pointer|
+--------------+-----+-----+------------+----------------+--------------+

