

================================================================
== Vitis HLS Report for 'cordiccart2pol'
================================================================
* Date:           Sun Oct 26 07:41:19 2025

* Version:        2025.1 (Build 6135595 on May 21 2025)
* Project:        cordiccart2pol.comp
* Solution:       hls (Vivado IP Flow Target)
* Product family: zynq
* Target device:  xc7z020-clg400-1


================================================================
== Performance Estimates
================================================================
+ Timing: 
    * Summary: 
    +--------+----------+----------+------------+
    |  Clock |  Target  | Estimated| Uncertainty|
    +--------+----------+----------+------------+
    |ap_clk  |  10.00 ns|  6.792 ns|     2.70 ns|
    +--------+----------+----------+------------+

+ Latency: 
    * Summary: 
    +---------+---------+-----------+----------+-----+-----+---------+
    |  Latency (cycles) |  Latency (absolute)  |  Interval | Pipeline|
    |   min   |   max   |    min    |    max   | min | max |   Type  |
    +---------+---------+-----------+----------+-----+-----+---------+
    |        1|       46|  10.000 ns|  0.460 us|    2|   47|       no|
    +---------+---------+-----------+----------+-----+-----+---------+

    + Detail: 
        * Instance: 
        +----------------------------------------------------+-----------------------------------------+---------+---------+----------+----------+-----+-----+------------------------------------------------+
        |                                                    |                                         |  Latency (cycles) |  Latency (absolute) |  Interval |                    Pipeline                    |
        |                      Instance                      |                  Module                 |   min   |   max   |    min   |    max   | min | max |                      Type                      |
        +----------------------------------------------------+-----------------------------------------+---------+---------+----------+----------+-----+-----+------------------------------------------------+
        |grp_cordiccart2pol_Pipeline_VITIS_LOOP_48_1_fu_110  |cordiccart2pol_Pipeline_VITIS_LOOP_48_1  |       43|       43|  0.430 us|  0.430 us|   42|   42|  loop auto-rewind stp (delay=0 clock cycles(s))|
        +----------------------------------------------------+-----------------------------------------+---------+---------+----------+----------+-----+-----+------------------------------------------------+

        * Loop: 
        N/A



================================================================
== Utilization Estimates
================================================================
* Summary: 
+-----------------+---------+-----+--------+-------+-----+
|       Name      | BRAM_18K| DSP |   FF   |  LUT  | URAM|
+-----------------+---------+-----+--------+-------+-----+
|DSP              |        -|    -|       -|      -|    -|
|Expression       |        -|    -|       0|    250|    -|
|FIFO             |        -|    -|       -|      -|    -|
|Instance         |        0|    3|     191|    375|    -|
|Memory           |        -|    -|       -|      -|    -|
|Multiplexer      |        -|    -|       0|     57|    -|
|Register         |        -|    -|      73|      -|    -|
+-----------------+---------+-----+--------+-------+-----+
|Total            |        0|    3|     264|    682|    0|
+-----------------+---------+-----+--------+-------+-----+
|Available        |      280|  220|  106400|  53200|    0|
+-----------------+---------+-----+--------+-------+-----+
|Utilization (%)  |        0|    1|      ~0|      1|    0|
+-----------------+---------+-----+--------+-------+-----+

+ Detail: 
    * Instance: 
    +----------------------------------------------------+-----------------------------------------+---------+----+-----+-----+-----+
    |                      Instance                      |                  Module                 | BRAM_18K| DSP|  FF | LUT | URAM|
    +----------------------------------------------------+-----------------------------------------+---------+----+-----+-----+-----+
    |grp_cordiccart2pol_Pipeline_VITIS_LOOP_48_1_fu_110  |cordiccart2pol_Pipeline_VITIS_LOOP_48_1  |        0|   2|  191|  369|    0|
    |mul_16s_13ns_28_1_1_U11                             |mul_16s_13ns_28_1_1                      |        0|   1|    0|    6|    0|
    +----------------------------------------------------+-----------------------------------------+---------+----+-----+-----+-----+
    |Total                                               |                                         |        0|   3|  191|  375|    0|
    +----------------------------------------------------+-----------------------------------------+---------+----+-----+-----+-----+

    * DSP: 
    N/A

    * Memory: 
    N/A

    * FIFO: 
    N/A

    * Expression: 
    +-----------------------+----------+----+---+----+------------+------------+
    |     Variable Name     | Operation| DSP| FF| LUT| Bitwidth P0| Bitwidth P1|
    +-----------------------+----------+----+---+----+------------+------------+
    |add_ln74_fu_215_p2     |         +|   0|  0|  20|          15|          14|
    |cum_angle_fu_191_p2    |         +|   0|  0|  23|          16|          16|
    |x_3_fu_143_p2          |         -|   0|  0|  23|           1|          16|
    |y_3_fu_149_p2          |         -|   0|  0|  23|           1|          16|
    |icmp_ln32_fu_129_p2    |      icmp|   0|  0|  23|          16|           1|
    |icmp_ln73_fu_185_p2    |      icmp|   0|  0|  23|          16|          14|
    |icmp_ln74_fu_209_p2    |      icmp|   0|  0|  23|          16|          15|
    |or_ln32_fu_123_p2      |        or|   0|  0|  16|          16|          16|
    |cum_angle_4_fu_197_p3  |    select|   0|  0|  16|           1|          16|
    |select_ln41_fu_155_p3  |    select|   0|  0|  13|           1|          13|
    |select_ln74_fu_221_p3  |    select|   0|  0|  15|           1|          15|
    |x_4_fu_173_p3          |    select|   0|  0|  16|           1|          16|
    |y_4_fu_164_p3          |    select|   0|  0|  16|           1|          16|
    +-----------------------+----------+----+---+----+------------+------------+
    |Total                  |          |   0|  0| 250|         102|         184|
    +-----------------------+----------+----+---+----+------------+------------+

    * Multiplexer: 
    +-------------------------------------+----+-----------+-----+-----------+
    |                 Name                | LUT| Input Size| Bits| Total Bits|
    +-------------------------------------+----+-----------+-----+-----------+
    |ap_NS_fsm                            |  25|          5|    1|          5|
    |ap_phi_mux_storemerge_phi_fu_103_p4  |   9|          2|   15|         30|
    |r                                    |  14|          3|   16|         48|
    |storemerge_reg_99                    |   9|          2|   15|         30|
    +-------------------------------------+----+-----------+-----+-----------+
    |Total                                |  57|         12|   47|        113|
    +-------------------------------------+----+-----------+-----+-----------+

    * Register: 
    +-----------------------------------------------------------------+----+----+-----+-----------+
    |                               Name                              | FF | LUT| Bits| Const Bits|
    +-----------------------------------------------------------------+----+----+-----+-----------+
    |ap_CS_fsm                                                        |   4|   0|    4|          0|
    |grp_cordiccart2pol_Pipeline_VITIS_LOOP_48_1_fu_110_ap_start_reg  |   1|   0|    1|          0|
    |icmp_ln32_reg_270                                                |   1|   0|    1|          0|
    |select_ln41_reg_274                                              |   5|   0|   13|          8|
    |select_ln74_reg_289                                              |  15|   0|   15|          0|
    |storemerge_reg_99                                                |  15|   0|   15|          0|
    |x_4_reg_284                                                      |  16|   0|   16|          0|
    |y_4_reg_279                                                      |  16|   0|   16|          0|
    +-----------------------------------------------------------------+----+----+-----+-----------+
    |Total                                                            |  73|   0|   81|          8|
    +-----------------------------------------------------------------+----+----+-----+-----------+



================================================================
== Interface
================================================================
* Summary: 
+--------------+-----+-----+------------+----------------+--------------+
|   RTL Ports  | Dir | Bits|  Protocol  |  Source Object |    C Type    |
+--------------+-----+-----+------------+----------------+--------------+
|ap_clk        |   in|    1|  ap_ctrl_hs|  cordiccart2pol|  return value|
|ap_rst        |   in|    1|  ap_ctrl_hs|  cordiccart2pol|  return value|
|ap_start      |   in|    1|  ap_ctrl_hs|  cordiccart2pol|  return value|
|ap_done       |  out|    1|  ap_ctrl_hs|  cordiccart2pol|  return value|
|ap_idle       |  out|    1|  ap_ctrl_hs|  cordiccart2pol|  return value|
|ap_ready      |  out|    1|  ap_ctrl_hs|  cordiccart2pol|  return value|
|x             |   in|   16|     ap_none|               x|        scalar|
|y             |   in|   16|     ap_none|               y|        scalar|
|r             |  out|   16|      ap_vld|               r|       pointer|
|r_ap_vld      |  out|    1|      ap_vld|               r|       pointer|
|theta         |  out|   16|      ap_vld|           theta|       pointer|
|theta_ap_vld  |  out|    1|      ap_vld|           theta|       pointer|
+--------------+-----+-----+------------+----------------+--------------+

