

================================================================
== Vitis HLS Report for 'cordiccart2pol'
================================================================
* Date:           Sun Oct 26 07:42:44 2025

* Version:        2025.1 (Build 6135595 on May 21 2025)
* Project:        cordiccart2pol.comp
* Solution:       hls (Vivado IP Flow Target)
* Product family: zynq
* Target device:  xc7z020-clg400-1


================================================================
== Performance Estimates
================================================================
+ Timing: 
    * Summary: 
    +--------+----------+----------+------------+
    |  Clock |  Target  | Estimated| Uncertainty|
    +--------+----------+----------+------------+
    |ap_clk  |  10.00 ns|  6.814 ns|     2.70 ns|
    +--------+----------+----------+------------+

+ Latency: 
    * Summary: 
    +---------+---------+-----------+----------+-----+-----+---------+
    |  Latency (cycles) |  Latency (absolute)  |  Interval | Pipeline|
    |   min   |   max   |    min    |    max   | min | max |   Type  |
    +---------+---------+-----------+----------+-----+-----+---------+
    |        1|       46|  10.000 ns|  0.460 us|    2|   47|       no|
    +---------+---------+-----------+----------+-----+-----+---------+

    + Detail: 
        * Instance: 
        +----------------------------------------------------+-----------------------------------------+---------+---------+----------+----------+-----+-----+------------------------------------------------+
        |                                                    |                                         |  Latency (cycles) |  Latency (absolute) |  Interval |                    Pipeline                    |
        |                      Instance                      |                  Module                 |   min   |   max   |    min   |    max   | min | max |                      Type                      |
        +----------------------------------------------------+-----------------------------------------+---------+---------+----------+----------+-----+-----+------------------------------------------------+
        |grp_cordiccart2pol_Pipeline_VITIS_LOOP_48_1_fu_116  |cordiccart2pol_Pipeline_VITIS_LOOP_48_1  |       43|       43|  0.430 us|  0.430 us|   42|   42|  loop auto-rewind stp (delay=0 clock cycles(s))|
        +----------------------------------------------------+-----------------------------------------+---------+---------+----------+----------+-----+-----+------------------------------------------------+

        * Loop: 
        N/A



================================================================
== Utilization Estimates
================================================================
* Summary: 
+-----------------+---------+-----+--------+-------+-----+
|       Name      | BRAM_18K| DSP |   FF   |  LUT  | URAM|
+-----------------+---------+-----+--------+-------+-----+
|DSP              |        -|    -|       -|      -|    -|
|Expression       |        -|    -|       0|    289|    -|
|FIFO             |        -|    -|       -|      -|    -|
|Instance         |        0|    3|     239|    447|    -|
|Memory           |        -|    -|       -|      -|    -|
|Multiplexer      |        -|    -|       0|     57|    -|
|Register         |        -|    -|      93|      -|    -|
+-----------------+---------+-----+--------+-------+-----+
|Total            |        0|    3|     332|    793|    0|
+-----------------+---------+-----+--------+-------+-----+
|Available        |      280|  220|  106400|  53200|    0|
+-----------------+---------+-----+--------+-------+-----+
|Utilization (%)  |        0|    1|      ~0|      1|    0|
+-----------------+---------+-----+--------+-------+-----+

+ Detail: 
    * Instance: 
    +----------------------------------------------------+-----------------------------------------+---------+----+-----+-----+-----+
    |                      Instance                      |                  Module                 | BRAM_18K| DSP|  FF | LUT | URAM|
    +----------------------------------------------------+-----------------------------------------+---------+----+-----+-----+-----+
    |grp_cordiccart2pol_Pipeline_VITIS_LOOP_48_1_fu_116  |cordiccart2pol_Pipeline_VITIS_LOOP_48_1  |        0|   2|  239|  435|    0|
    |mul_20s_17ns_36_1_1_U11                             |mul_20s_17ns_36_1_1                      |        0|   1|    0|   12|    0|
    +----------------------------------------------------+-----------------------------------------+---------+----+-----+-----+-----+
    |Total                                               |                                         |        0|   3|  239|  447|    0|
    +----------------------------------------------------+-----------------------------------------+---------+----+-----+-----+-----+

    * DSP: 
    N/A

    * Memory: 
    N/A

    * FIFO: 
    N/A

    * Expression: 
    +-----------------------+----------+----+---+----+------------+------------+
    |     Variable Name     | Operation| DSP| FF| LUT| Bitwidth P0| Bitwidth P1|
    +-----------------------+----------+----+---+----+------------+------------+
    |add_ln74_fu_239_p2     |         +|   0|  0|  26|          19|          18|
    |cum_angle_fu_215_p2    |         +|   0|  0|  27|          20|          20|
    |x_2_fu_149_p2          |         -|   0|  0|  27|           1|          20|
    |y_2_fu_155_p2          |         -|   0|  0|  27|           1|          20|
    |icmp_ln32_fu_135_p2    |      icmp|   0|  0|  27|          20|           1|
    |icmp_ln73_fu_209_p2    |      icmp|   0|  0|  27|          20|          18|
    |icmp_ln74_fu_233_p2    |      icmp|   0|  0|  27|          20|          19|
    |or_ln32_fu_129_p2      |        or|   0|  0|  20|          20|          20|
    |cum_angle_4_fu_221_p3  |    select|   0|  0|  20|           1|          20|
    |select_ln48_fu_179_p3  |    select|   0|  0|   2|           1|           2|
    |select_ln74_fu_245_p3  |    select|   0|  0|  19|           1|          19|
    |x_3_fu_161_p3          |    select|   0|  0|  20|           1|          20|
    |y_3_fu_170_p3          |    select|   0|  0|  20|           1|          20|
    +-----------------------+----------+----+---+----+------------+------------+
    |Total                  |          |   0|  0| 289|         126|         217|
    +-----------------------+----------+----+---+----+------------+------------+

    * Multiplexer: 
    +-------------------------------------+----+-----------+-----+-----------+
    |                 Name                | LUT| Input Size| Bits| Total Bits|
    +-------------------------------------+----+-----------+-----+-----------+
    |ap_NS_fsm                            |  25|          5|    1|          5|
    |ap_phi_mux_storemerge_phi_fu_109_p4  |   9|          2|   19|         38|
    |r                                    |  14|          3|   20|         60|
    |storemerge_reg_105                   |   9|          2|   19|         38|
    +-------------------------------------+----+-----------+-----+-----------+
    |Total                                |  57|         12|   59|        141|
    +-------------------------------------+----+-----------+-----+-----------+

    * Register: 
    +-----------------------------------------------------------------+----+----+-----+-----------+
    |                               Name                              | FF | LUT| Bits| Const Bits|
    +-----------------------------------------------------------------+----+----+-----+-----------+
    |ap_CS_fsm                                                        |   4|   0|    4|          0|
    |grp_cordiccart2pol_Pipeline_VITIS_LOOP_48_1_fu_116_ap_start_reg  |   1|   0|    1|          0|
    |icmp_ln32_reg_294                                                |   1|   0|    1|          0|
    |select_ln74_reg_313                                              |  19|   0|   19|          0|
    |storemerge_reg_105                                               |  19|   0|   19|          0|
    |tmp_4_reg_308                                                    |   9|   0|   17|          8|
    |x_3_reg_298                                                      |  20|   0|   20|          0|
    |y_3_reg_303                                                      |  20|   0|   20|          0|
    +-----------------------------------------------------------------+----+----+-----+-----------+
    |Total                                                            |  93|   0|  101|          8|
    +-----------------------------------------------------------------+----+----+-----+-----------+



================================================================
== Interface
================================================================
* Summary: 
+--------------+-----+-----+------------+----------------+--------------+
|   RTL Ports  | Dir | Bits|  Protocol  |  Source Object |    C Type    |
+--------------+-----+-----+------------+----------------+--------------+
|ap_clk        |   in|    1|  ap_ctrl_hs|  cordiccart2pol|  return value|
|ap_rst        |   in|    1|  ap_ctrl_hs|  cordiccart2pol|  return value|
|ap_start      |   in|    1|  ap_ctrl_hs|  cordiccart2pol|  return value|
|ap_done       |  out|    1|  ap_ctrl_hs|  cordiccart2pol|  return value|
|ap_idle       |  out|    1|  ap_ctrl_hs|  cordiccart2pol|  return value|
|ap_ready      |  out|    1|  ap_ctrl_hs|  cordiccart2pol|  return value|
|x             |   in|   20|     ap_none|               x|        scalar|
|y             |   in|   20|     ap_none|               y|        scalar|
|r             |  out|   20|      ap_vld|               r|       pointer|
|r_ap_vld      |  out|    1|      ap_vld|               r|       pointer|
|theta         |  out|   20|      ap_vld|           theta|       pointer|
|theta_ap_vld  |  out|    1|      ap_vld|           theta|       pointer|
+--------------+-----+-----+------------+----------------+--------------+

