

================================================================
== Vitis HLS Report for 'cordiccart2pol'
================================================================
* Date:           Sun Oct 26 07:49:35 2025

* Version:        2025.1 (Build 6135595 on May 21 2025)
* Project:        cordiccart2pol.comp
* Solution:       hls (Vivado IP Flow Target)
* Product family: zynq
* Target device:  xc7z020-clg400-1


================================================================
== Performance Estimates
================================================================
+ Timing: 
    * Summary: 
    +--------+----------+----------+------------+
    |  Clock |  Target  | Estimated| Uncertainty|
    +--------+----------+----------+------------+
    |ap_clk  |  10.00 ns|  6.918 ns|     2.70 ns|
    +--------+----------+----------+------------+

+ Latency: 
    * Summary: 
    +---------+---------+-----------+----------+-----+-----+---------+
    |  Latency (cycles) |  Latency (absolute)  |  Interval | Pipeline|
    |   min   |   max   |    min    |    max   | min | max |   Type  |
    +---------+---------+-----------+----------+-----+-----+---------+
    |        1|       46|  10.000 ns|  0.460 us|    2|   47|       no|
    +---------+---------+-----------+----------+-----+-----+---------+

    + Detail: 
        * Instance: 
        +----------------------------------------------------+-----------------------------------------+---------+---------+----------+----------+-----+-----+------------------------------------------------+
        |                                                    |                                         |  Latency (cycles) |  Latency (absolute) |  Interval |                    Pipeline                    |
        |                      Instance                      |                  Module                 |   min   |   max   |    min   |    max   | min | max |                      Type                      |
        +----------------------------------------------------+-----------------------------------------+---------+---------+----------+----------+-----+-----+------------------------------------------------+
        |grp_cordiccart2pol_Pipeline_VITIS_LOOP_48_1_fu_120  |cordiccart2pol_Pipeline_VITIS_LOOP_48_1  |       43|       43|  0.430 us|  0.430 us|   42|   42|  loop auto-rewind stp (delay=0 clock cycles(s))|
        +----------------------------------------------------+-----------------------------------------+---------+---------+----------+----------+-----+-----+------------------------------------------------+

        * Loop: 
        N/A



================================================================
== Utilization Estimates
================================================================
* Summary: 
+-----------------+---------+-----+--------+-------+-----+
|       Name      | BRAM_18K| DSP |   FF   |  LUT  | URAM|
+-----------------+---------+-----+--------+-------+-----+
|DSP              |        -|    -|       -|      -|    -|
|Expression       |        -|    -|       0|    339|    -|
|FIFO             |        -|    -|       -|      -|    -|
|Instance         |        0|    6|     287|    580|    -|
|Memory           |        -|    -|       -|      -|    -|
|Multiplexer      |        -|    -|       0|     57|    -|
|Register         |        -|    -|     111|      -|    -|
+-----------------+---------+-----+--------+-------+-----+
|Total            |        0|    6|     398|    976|    0|
+-----------------+---------+-----+--------+-------+-----+
|Available        |      280|  220|  106400|  53200|    0|
+-----------------+---------+-----+--------+-------+-----+
|Utilization (%)  |        0|    2|      ~0|      1|    0|
+-----------------+---------+-----+--------+-------+-----+

+ Detail: 
    * Instance: 
    +----------------------------------------------------+-----------------------------------------+---------+----+-----+-----+-----+
    |                      Instance                      |                  Module                 | BRAM_18K| DSP|  FF | LUT | URAM|
    +----------------------------------------------------+-----------------------------------------+---------+----+-----+-----+-----+
    |grp_cordiccart2pol_Pipeline_VITIS_LOOP_48_1_fu_120  |cordiccart2pol_Pipeline_VITIS_LOOP_48_1  |        0|   4|  287|  542|    0|
    |mul_24s_21ns_44_1_1_U11                             |mul_24s_21ns_44_1_1                      |        0|   2|    0|   38|    0|
    +----------------------------------------------------+-----------------------------------------+---------+----+-----+-----+-----+
    |Total                                               |                                         |        0|   6|  287|  580|    0|
    +----------------------------------------------------+-----------------------------------------+---------+----+-----+-----+-----+

    * DSP: 
    N/A

    * Memory: 
    N/A

    * FIFO: 
    N/A

    * Expression: 
    +-------------------------+----------+----+---+----+------------+------------+
    |      Variable Name      | Operation| DSP| FF| LUT| Bitwidth P0| Bitwidth P1|
    +-------------------------+----------+----+---+----+------------+------------+
    |add_ln74_fu_262_p2       |         +|   0|  0|  30|          23|          22|
    |cum_angle_fu_238_p2      |         +|   0|  0|  31|          24|          24|
    |x_2_fu_158_p2            |         -|   0|  0|  31|           1|          24|
    |y_2_fu_164_p2            |         -|   0|  0|  31|           1|          24|
    |icmp_ln32_fu_144_p2      |      icmp|   0|  0|  31|          24|           1|
    |icmp_ln73_fu_232_p2      |      icmp|   0|  0|  31|          24|          22|
    |icmp_ln74_fu_256_p2      |      icmp|   0|  0|  31|          24|          23|
    |or_ln32_fu_138_p2        |        or|   0|  0|  24|          24|          24|
    |cum_angle_4_fu_244_p3    |    select|   0|  0|  24|           1|          24|
    |select_ln48_1_fu_196_p3  |    select|   0|  0|   2|           1|           2|
    |select_ln48_fu_188_p3    |    select|   0|  0|   2|           1|           2|
    |select_ln74_fu_268_p3    |    select|   0|  0|  23|           1|          23|
    |x_3_fu_170_p3            |    select|   0|  0|  24|           1|          24|
    |y_3_fu_179_p3            |    select|   0|  0|  24|           1|          24|
    +-------------------------+----------+----+---+----+------------+------------+
    |Total                    |          |   0|  0| 339|         151|         263|
    +-------------------------+----------+----+---+----+------------+------------+

    * Multiplexer: 
    +-------------------------------------+----+-----------+-----+-----------+
    |                 Name                | LUT| Input Size| Bits| Total Bits|
    +-------------------------------------+----+-----------+-----+-----------+
    |ap_NS_fsm                            |  25|          5|    1|          5|
    |ap_phi_mux_storemerge_phi_fu_113_p4  |   9|          2|   23|         46|
    |r                                    |  14|          3|   24|         72|
    |storemerge_reg_109                   |   9|          2|   23|         46|
    +-------------------------------------+----+-----------+-----+-----------+
    |Total                                |  57|         12|   71|        169|
    +-------------------------------------+----+-----------+-----+-----------+

    * Register: 
    +-----------------------------------------------------------------+----+----+-----+-----------+
    |                               Name                              | FF | LUT| Bits| Const Bits|
    +-----------------------------------------------------------------+----+----+-----+-----------+
    |ap_CS_fsm                                                        |   4|   0|    4|          0|
    |grp_cordiccart2pol_Pipeline_VITIS_LOOP_48_1_fu_120_ap_start_reg  |   1|   0|    1|          0|
    |icmp_ln32_reg_312                                                |   1|   0|    1|          0|
    |select_ln74_reg_331                                              |  23|   0|   23|          0|
    |storemerge_reg_109                                               |  23|   0|   23|          0|
    |tmp_5_reg_326                                                    |  11|   0|   21|         10|
    |x_3_reg_316                                                      |  24|   0|   24|          0|
    |y_3_reg_321                                                      |  24|   0|   24|          0|
    +-----------------------------------------------------------------+----+----+-----+-----------+
    |Total                                                            | 111|   0|  121|         10|
    +-----------------------------------------------------------------+----+----+-----+-----------+



================================================================
== Interface
================================================================
* Summary: 
+--------------+-----+-----+------------+----------------+--------------+
|   RTL Ports  | Dir | Bits|  Protocol  |  Source Object |    C Type    |
+--------------+-----+-----+------------+----------------+--------------+
|ap_clk        |   in|    1|  ap_ctrl_hs|  cordiccart2pol|  return value|
|ap_rst        |   in|    1|  ap_ctrl_hs|  cordiccart2pol|  return value|
|ap_start      |   in|    1|  ap_ctrl_hs|  cordiccart2pol|  return value|
|ap_done       |  out|    1|  ap_ctrl_hs|  cordiccart2pol|  return value|
|ap_idle       |  out|    1|  ap_ctrl_hs|  cordiccart2pol|  return value|
|ap_ready      |  out|    1|  ap_ctrl_hs|  cordiccart2pol|  return value|
|x             |   in|   24|     ap_none|               x|        scalar|
|y             |   in|   24|     ap_none|               y|        scalar|
|r             |  out|   24|      ap_vld|               r|       pointer|
|r_ap_vld      |  out|    1|      ap_vld|               r|       pointer|
|theta         |  out|   24|      ap_vld|           theta|       pointer|
|theta_ap_vld  |  out|    1|      ap_vld|           theta|       pointer|
+--------------+-----+-----+------------+----------------+--------------+

