

================================================================
== Vitis HLS Report for 'cordiccart2pol'
================================================================
* Date:           Sun Oct 26 07:32:27 2025

* Version:        2025.1 (Build 6135595 on May 21 2025)
* Project:        cordiccart2pol.comp
* Solution:       hls (Vivado IP Flow Target)
* Product family: zynq
* Target device:  xc7z020-clg400-1


================================================================
== Performance Estimates
================================================================
+ Timing: 
    * Summary: 
    +--------+----------+----------+------------+
    |  Clock |  Target  | Estimated| Uncertainty|
    +--------+----------+----------+------------+
    |ap_clk  |  10.00 ns|  7.073 ns|     2.70 ns|
    +--------+----------+----------+------------+

+ Latency: 
    * Summary: 
    +---------+---------+-----------+----------+-----+-----+---------+
    |  Latency (cycles) |  Latency (absolute)  |  Interval | Pipeline|
    |   min   |   max   |    min    |    max   | min | max |   Type  |
    +---------+---------+-----------+----------+-----+-----+---------+
    |        1|       45|  10.000 ns|  0.450 us|    2|   46|       no|
    +---------+---------+-----------+----------+-----+-----+---------+

    + Detail: 
        * Instance: 
        +----------------------------------------------------+-----------------------------------------+---------+---------+----------+----------+-----+-----+------------------------------------------------+
        |                                                    |                                         |  Latency (cycles) |  Latency (absolute) |  Interval |                    Pipeline                    |
        |                      Instance                      |                  Module                 |   min   |   max   |    min   |    max   | min | max |                      Type                      |
        +----------------------------------------------------+-----------------------------------------+---------+---------+----------+----------+-----+-----+------------------------------------------------+
        |grp_cordiccart2pol_Pipeline_VITIS_LOOP_48_1_fu_112  |cordiccart2pol_Pipeline_VITIS_LOOP_48_1  |       42|       42|  0.420 us|  0.420 us|   41|   41|  loop auto-rewind stp (delay=0 clock cycles(s))|
        +----------------------------------------------------+-----------------------------------------+---------+---------+----------+----------+-----+-----+------------------------------------------------+

        * Loop: 
        N/A



================================================================
== Utilization Estimates
================================================================
* Summary: 
+-----------------+---------+-----+--------+-------+-----+
|       Name      | BRAM_18K| DSP |   FF   |  LUT  | URAM|
+-----------------+---------+-----+--------+-------+-----+
|DSP              |        -|    -|       -|      -|    -|
|Expression       |        -|    -|       0|    160|    -|
|FIFO             |        -|    -|       -|      -|    -|
|Instance         |        0|    0|      85|    311|    -|
|Memory           |        -|    -|       -|      -|    -|
|Multiplexer      |        -|    -|       0|     57|    -|
|Register         |        -|    -|      38|      -|    -|
+-----------------+---------+-----+--------+-------+-----+
|Total            |        0|    0|     123|    528|    0|
+-----------------+---------+-----+--------+-------+-----+
|Available        |      280|  220|  106400|  53200|    0|
+-----------------+---------+-----+--------+-------+-----+
|Utilization (%)  |        0|    0|      ~0|     ~0|    0|
+-----------------+---------+-----+--------+-------+-----+

+ Detail: 
    * Instance: 
    +----------------------------------------------------+-----------------------------------------+---------+----+----+-----+-----+
    |                      Instance                      |                  Module                 | BRAM_18K| DSP| FF | LUT | URAM|
    +----------------------------------------------------+-----------------------------------------+---------+----+----+-----+-----+
    |grp_cordiccart2pol_Pipeline_VITIS_LOOP_48_1_fu_112  |cordiccart2pol_Pipeline_VITIS_LOOP_48_1  |        0|   0|  85|  311|    0|
    +----------------------------------------------------+-----------------------------------------+---------+----+----+-----+-----+
    |Total                                               |                                         |        0|   0|  85|  311|    0|
    +----------------------------------------------------+-----------------------------------------+---------+----+----+-----+-----+

    * DSP: 
    N/A

    * Memory: 
    N/A

    * FIFO: 
    N/A

    * Expression: 
    +-----------------------+----------+----+---+----+------------+------------+
    |     Variable Name     | Operation| DSP| FF| LUT| Bitwidth P0| Bitwidth P1|
    +-----------------------+----------+----+---+----+------------+------------+
    |add_ln71_fu_206_p2     |         +|   0|  0|  12|          12|          12|
    |cum_angle_6_fu_253_p2  |         +|   0|  0|  14|           7|           6|
    |cum_angle_fu_229_p2    |         +|   0|  0|  15|           8|           8|
    |x_3_fu_145_p2          |         -|   0|  0|  15|           1|           8|
    |y_3_fu_151_p2          |         -|   0|  0|  15|           1|           8|
    |icmp_ln32_fu_131_p2    |      icmp|   0|  0|  15|           8|           1|
    |icmp_ln73_fu_223_p2    |      icmp|   0|  0|  15|           8|           6|
    |icmp_ln74_fu_247_p2    |      icmp|   0|  0|  15|           8|           7|
    |or_ln32_fu_125_p2      |        or|   0|  0|   8|           8|           8|
    |cum_angle_5_fu_235_p3  |    select|   0|  0|   8|           1|           8|
    |cum_angle_7_fu_259_p3  |    select|   0|  0|   7|           1|           7|
    |select_ln41_fu_157_p3  |    select|   0|  0|   5|           1|           5|
    |x_4_fu_175_p3          |    select|   0|  0|   8|           1|           8|
    |y_4_fu_166_p3          |    select|   0|  0|   8|           1|           8|
    +-----------------------+----------+----+---+----+------------+------------+
    |Total                  |          |   0|  0| 160|          66|         100|
    +-----------------------+----------+----+---+----+------------+------------+

    * Multiplexer: 
    +-------------------------------------+----+-----------+-----+-----------+
    |                 Name                | LUT| Input Size| Bits| Total Bits|
    +-------------------------------------+----+-----------+-----+-----------+
    |ap_NS_fsm                            |  25|          5|    1|          5|
    |ap_phi_mux_storemerge_phi_fu_105_p4  |   9|          2|    7|         14|
    |r                                    |  14|          3|    8|         24|
    |storemerge_reg_101                   |   9|          2|    7|         14|
    +-------------------------------------+----+-----------+-----+-----------+
    |Total                                |  57|         12|   23|         57|
    +-------------------------------------+----+-----------+-----+-----------+

    * Register: 
    +-----------------------------------------------------------------+---+----+-----+-----------+
    |                               Name                              | FF| LUT| Bits| Const Bits|
    +-----------------------------------------------------------------+---+----+-----+-----------+
    |ap_CS_fsm                                                        |  4|   0|    4|          0|
    |cum_angle_7_reg_303                                              |  7|   0|    7|          0|
    |grp_cordiccart2pol_Pipeline_VITIS_LOOP_48_1_fu_112_ap_start_reg  |  1|   0|    1|          0|
    |icmp_ln32_reg_284                                                |  1|   0|    1|          0|
    |select_ln41_reg_288                                              |  2|   0|    5|          3|
    |storemerge_reg_101                                               |  7|   0|    7|          0|
    |x_4_reg_298                                                      |  8|   0|    8|          0|
    |y_4_reg_293                                                      |  8|   0|    8|          0|
    +-----------------------------------------------------------------+---+----+-----+-----------+
    |Total                                                            | 38|   0|   41|          3|
    +-----------------------------------------------------------------+---+----+-----+-----------+



================================================================
== Interface
================================================================
* Summary: 
+--------------+-----+-----+------------+----------------+--------------+
|   RTL Ports  | Dir | Bits|  Protocol  |  Source Object |    C Type    |
+--------------+-----+-----+------------+----------------+--------------+
|ap_clk        |   in|    1|  ap_ctrl_hs|  cordiccart2pol|  return value|
|ap_rst        |   in|    1|  ap_ctrl_hs|  cordiccart2pol|  return value|
|ap_start      |   in|    1|  ap_ctrl_hs|  cordiccart2pol|  return value|
|ap_done       |  out|    1|  ap_ctrl_hs|  cordiccart2pol|  return value|
|ap_idle       |  out|    1|  ap_ctrl_hs|  cordiccart2pol|  return value|
|ap_ready      |  out|    1|  ap_ctrl_hs|  cordiccart2pol|  return value|
|x             |   in|    8|     ap_none|               x|        scalar|
|y             |   in|    8|     ap_none|               y|        scalar|
|r             |  out|    8|      ap_vld|               r|       pointer|
|r_ap_vld      |  out|    1|      ap_vld|               r|       pointer|
|theta         |  out|    8|      ap_vld|           theta|       pointer|
|theta_ap_vld  |  out|    1|      ap_vld|           theta|       pointer|
+--------------+-----+-----+------------+----------------+--------------+

