

================================================================
== Vitis HLS Report for 'cordiccart2pol'
================================================================
* Date:           Mon Oct 27 12:44:45 2025

* Version:        2025.1 (Build 6135595 on May 21 2025)
* Project:        cordiccart2pol.comp
* Solution:       hls (Vivado IP Flow Target)
* Product family: zynq
* Target device:  xc7z020-clg400-1


================================================================
== Performance Estimates
================================================================
+ Timing: 
    * Summary: 
    +--------+----------+----------+------------+
    |  Clock |  Target  | Estimated| Uncertainty|
    +--------+----------+----------+------------+
    |ap_clk  |  10.00 ns|  5.944 ns|     2.70 ns|
    +--------+----------+----------+------------+

+ Latency: 
    * Summary: 
    +---------+---------+-----------+-----------+-----+-----+---------+
    |  Latency (cycles) |   Latency (absolute)  |  Interval | Pipeline|
    |   min   |   max   |    min    |    max    | min | max |   Type  |
    +---------+---------+-----------+-----------+-----+-----+---------+
    |        2|        2|  20.000 ns|  20.000 ns|    3|    3|       no|
    +---------+---------+-----------+-----------+-----+-----+---------+

    + Detail: 
        * Instance: 
        N/A

        * Loop: 
        N/A



================================================================
== Utilization Estimates
================================================================
* Summary: 
+-----------------+---------+-----+--------+-------+-----+
|       Name      | BRAM_18K| DSP |   FF   |  LUT  | URAM|
+-----------------+---------+-----+--------+-------+-----+
|DSP              |        -|    -|       -|      -|    -|
|Expression       |        -|    -|       0|    104|    -|
|FIFO             |        -|    -|       -|      -|    -|
|Instance         |        -|    -|       -|      -|    -|
|Memory           |        2|    -|       0|      0|    -|
|Multiplexer      |        -|    -|       0|     20|    -|
|Register         |        -|    -|      13|      -|    -|
+-----------------+---------+-----+--------+-------+-----+
|Total            |        2|    0|      13|    124|    0|
+-----------------+---------+-----+--------+-------+-----+
|Available        |      280|  220|  106400|  53200|    0|
+-----------------+---------+-----+--------+-------+-----+
|Utilization (%)  |       ~0|    0|      ~0|     ~0|    0|
+-----------------+---------+-----+--------+-------+-----+

+ Detail: 
    * Instance: 
    N/A

    * DSP: 
    N/A

    * Memory: 
    +-------------+-----------------------+---------+---+----+-----+------+-----+------+-------------+
    |    Memory   |         Module        | BRAM_18K| FF| LUT| URAM| Words| Bits| Banks| W*Bits*Banks|
    +-------------+-----------------------+---------+---+----+-----+------+-----+------+-------------+
    |my_LUT_r_U   |my_LUT_r_ROM_AUTO_1R   |        1|  0|   0|    0|  1024|    7|     1|         7168|
    |my_LUT_th_U  |my_LUT_th_ROM_AUTO_1R  |        1|  0|   0|    0|  1024|    8|     1|         8192|
    +-------------+-----------------------+---------+---+----+-----+------+-----+------+-------------+
    |Total        |                       |        2|  0|   0|    0|  2048|   15|     2|        15360|
    +-------------+-----------------------+---------+---+----+-----+------+-----+------+-------------+

    * FIFO: 
    N/A

    * Expression: 
    +-------------------------+----------+----+---+----+------------+------------+
    |      Variable Name      | Operation| DSP| FF| LUT| Bitwidth P0| Bitwidth P1|
    +-------------------------+----------+----+---+----+------------+------------+
    |fixed_x_1_fu_147_p2      |         +|   0|  0|  13|           5|           5|
    |fixed_y_1_fu_323_p2      |         +|   0|  0|  13|           5|           5|
    |and_ln44_1_fu_207_p2     |       and|   0|  0|   2|           1|           1|
    |and_ln44_2_fu_225_p2     |       and|   0|  0|   2|           1|           1|
    |and_ln44_3_fu_231_p2     |       and|   0|  0|   2|           1|           1|
    |and_ln44_4_fu_253_p2     |       and|   0|  0|   2|           1|           1|
    |and_ln44_5_fu_265_p2     |       and|   0|  0|   2|           1|           1|
    |and_ln44_fu_167_p2       |       and|   0|  0|   2|           1|           1|
    |and_ln45_1_fu_383_p2     |       and|   0|  0|   2|           1|           1|
    |and_ln45_2_fu_401_p2     |       and|   0|  0|   2|           1|           1|
    |and_ln45_3_fu_407_p2     |       and|   0|  0|   2|           1|           1|
    |and_ln45_4_fu_429_p2     |       and|   0|  0|   2|           1|           1|
    |and_ln45_5_fu_441_p2     |       and|   0|  0|   2|           1|           1|
    |and_ln45_fu_343_p2       |       and|   0|  0|   2|           1|           1|
    |or_ln44_1_fu_219_p2      |        or|   0|  0|   2|           1|           1|
    |or_ln44_2_fu_237_p2      |        or|   0|  0|   2|           1|           1|
    |or_ln44_3_fu_271_p2      |        or|   0|  0|   2|           1|           1|
    |or_ln44_fu_201_p2        |        or|   0|  0|   2|           1|           1|
    |or_ln45_1_fu_395_p2      |        or|   0|  0|   2|           1|           1|
    |or_ln45_2_fu_413_p2      |        or|   0|  0|   2|           1|           1|
    |or_ln45_3_fu_447_p2      |        or|   0|  0|   2|           1|           1|
    |or_ln45_fu_377_p2        |        or|   0|  0|   2|           1|           1|
    |fixed_x_3_fu_277_p3      |    select|   0|  0|   5|           1|           5|
    |fixed_y_3_fu_453_p3      |    select|   0|  0|   5|           1|           5|
    |select_ln44_1_fu_187_p3  |    select|   0|  0|   2|           1|           1|
    |select_ln44_fu_179_p3    |    select|   0|  0|   2|           1|           1|
    |select_ln45_1_fu_363_p3  |    select|   0|  0|   2|           1|           1|
    |select_ln45_fu_355_p3    |    select|   0|  0|   2|           1|           1|
    |xor_ln44_1_fu_173_p2     |       xor|   0|  0|   2|           1|           2|
    |xor_ln44_2_fu_195_p2     |       xor|   0|  0|   2|           1|           2|
    |xor_ln44_3_fu_213_p2     |       xor|   0|  0|   2|           1|           2|
    |xor_ln44_4_fu_259_p2     |       xor|   0|  0|   2|           2|           1|
    |xor_ln44_fu_161_p2       |       xor|   0|  0|   2|           1|           2|
    |xor_ln45_1_fu_349_p2     |       xor|   0|  0|   2|           1|           2|
    |xor_ln45_2_fu_371_p2     |       xor|   0|  0|   2|           1|           2|
    |xor_ln45_3_fu_389_p2     |       xor|   0|  0|   2|           1|           2|
    |xor_ln45_4_fu_435_p2     |       xor|   0|  0|   2|           2|           1|
    |xor_ln45_fu_337_p2       |       xor|   0|  0|   2|           1|           2|
    +-------------------------+----------+----+---+----+------------+------------+
    |Total                    |          |   0|  0| 104|          48|          62|
    +-------------------------+----------+----+---+----+------------+------------+

    * Multiplexer: 
    +-----------+----+-----------+-----+-----------+
    |    Name   | LUT| Input Size| Bits| Total Bits|
    +-----------+----+-----------+-----+-----------+
    |ap_NS_fsm  |  20|          4|    1|          4|
    +-----------+----+-----------+-----+-----------+
    |Total      |  20|          4|    1|          4|
    +-----------+----+-----------+-----+-----------+

    * Register: 
    +-------------------+---+----+-----+-----------+
    |        Name       | FF| LUT| Bits| Const Bits|
    +-------------------+---+----+-----+-----------+
    |ap_CS_fsm          |  3|   0|    3|          0|
    |fixed_x_3_reg_478  |  5|   0|    5|          0|
    |fixed_y_3_reg_483  |  5|   0|    5|          0|
    +-------------------+---+----+-----+-----------+
    |Total              | 13|   0|   13|          0|
    +-------------------+---+----+-----+-----------+



================================================================
== Interface
================================================================
* Summary: 
+--------------+-----+-----+------------+----------------+--------------+
|   RTL Ports  | Dir | Bits|  Protocol  |  Source Object |    C Type    |
+--------------+-----+-----+------------+----------------+--------------+
|ap_clk        |   in|    1|  ap_ctrl_hs|  cordiccart2pol|  return value|
|ap_rst        |   in|    1|  ap_ctrl_hs|  cordiccart2pol|  return value|
|ap_start      |   in|    1|  ap_ctrl_hs|  cordiccart2pol|  return value|
|ap_done       |  out|    1|  ap_ctrl_hs|  cordiccart2pol|  return value|
|ap_idle       |  out|    1|  ap_ctrl_hs|  cordiccart2pol|  return value|
|ap_ready      |  out|    1|  ap_ctrl_hs|  cordiccart2pol|  return value|
|x             |   in|    8|     ap_none|               x|        scalar|
|y             |   in|    8|     ap_none|               y|        scalar|
|r             |  out|    8|      ap_vld|               r|       pointer|
|r_ap_vld      |  out|    1|      ap_vld|               r|       pointer|
|theta         |  out|    8|      ap_vld|           theta|       pointer|
|theta_ap_vld  |  out|    1|      ap_vld|           theta|       pointer|
+--------------+-----+-----+------------+----------------+--------------+

