

================================================================
== Vitis HLS Report for 'cordiccart2pol'
================================================================
* Date:           Mon Oct 27 06:47:09 2025

* Version:        2025.1 (Build 6135595 on May 21 2025)
* Project:        cordiccart2pol.comp
* Solution:       hls (Vivado IP Flow Target)
* Product family: zynq
* Target device:  xc7z020-clg400-1


================================================================
== Performance Estimates
================================================================
+ Timing: 
    * Summary: 
    +--------+----------+----------+------------+
    |  Clock |  Target  | Estimated| Uncertainty|
    +--------+----------+----------+------------+
    |ap_clk  |  10.00 ns|  5.860 ns|     2.70 ns|
    +--------+----------+----------+------------+

+ Latency: 
    * Summary: 
    +---------+---------+-----------+----------+-----+-----+---------+
    |  Latency (cycles) |  Latency (absolute)  |  Interval | Pipeline|
    |   min   |   max   |    min    |    max   | min | max |   Type  |
    +---------+---------+-----------+----------+-----+-----+---------+
    |        1|       46|  10.000 ns|  0.460 us|    2|   47|       no|
    +---------+---------+-----------+----------+-----+-----+---------+

    + Detail: 
        * Instance: 
        +----------------------------------------------------+-----------------------------------------+---------+---------+----------+----------+-----+-----+------------------------------------------------+
        |                                                    |                                         |  Latency (cycles) |  Latency (absolute) |  Interval |                    Pipeline                    |
        |                      Instance                      |                  Module                 |   min   |   max   |    min   |    max   | min | max |                      Type                      |
        +----------------------------------------------------+-----------------------------------------+---------+---------+----------+----------+-----+-----+------------------------------------------------+
        |grp_cordiccart2pol_Pipeline_VITIS_LOOP_49_1_fu_111  |cordiccart2pol_Pipeline_VITIS_LOOP_49_1  |       43|       43|  0.430 us|  0.430 us|   42|   42|  loop auto-rewind stp (delay=0 clock cycles(s))|
        +----------------------------------------------------+-----------------------------------------+---------+---------+----------+----------+-----+-----+------------------------------------------------+

        * Loop: 
        N/A



================================================================
== Utilization Estimates
================================================================
* Summary: 
+-----------------+---------+-----+--------+-------+-----+
|       Name      | BRAM_18K| DSP |   FF   |  LUT  | URAM|
+-----------------+---------+-----+--------+-------+-----+
|DSP              |        -|    -|       -|      -|    -|
|Expression       |        -|    -|       0|    158|    -|
|FIFO             |        -|    -|       -|      -|    -|
|Instance         |        0|    1|     200|    603|    -|
|Memory           |        -|    -|       -|      -|    -|
|Multiplexer      |        -|    -|       0|     61|    -|
|Register         |        -|    -|     114|      -|    -|
+-----------------+---------+-----+--------+-------+-----+
|Total            |        0|    1|     314|    822|    0|
+-----------------+---------+-----+--------+-------+-----+
|Available        |      280|  220|  106400|  53200|    0|
+-----------------+---------+-----+--------+-------+-----+
|Utilization (%)  |        0|   ~0|      ~0|      1|    0|
+-----------------+---------+-----+--------+-------+-----+

+ Detail: 
    * Instance: 
    +----------------------------------------------------+-----------------------------------------+---------+----+-----+-----+-----+
    |                      Instance                      |                  Module                 | BRAM_18K| DSP|  FF | LUT | URAM|
    +----------------------------------------------------+-----------------------------------------+---------+----+-----+-----+-----+
    |grp_cordiccart2pol_Pipeline_VITIS_LOOP_49_1_fu_111  |cordiccart2pol_Pipeline_VITIS_LOOP_49_1  |        0|   0|  200|  591|    0|
    |mul_20s_17ns_36_1_1_U7                              |mul_20s_17ns_36_1_1                      |        0|   1|    0|   12|    0|
    +----------------------------------------------------+-----------------------------------------+---------+----+-----+-----+-----+
    |Total                                               |                                         |        0|   1|  200|  603|    0|
    +----------------------------------------------------+-----------------------------------------+---------+----+-----+-----+-----+

    * DSP: 
    N/A

    * Memory: 
    N/A

    * FIFO: 
    N/A

    * Expression: 
    +-----------------------+----------+----+---+----+------------+------------+
    |     Variable Name     | Operation| DSP| FF| LUT| Bitwidth P0| Bitwidth P1|
    +-----------------------+----------+----+---+----+------------+------------+
    |x_5_fu_142_p2          |         -|   0|  0|  27|           1|          20|
    |y_5_fu_148_p2          |         -|   0|  0|  27|           1|          20|
    |icmp_ln32_fu_128_p2    |      icmp|   0|  0|  27|          20|           1|
    |or_ln32_fu_122_p2      |        or|   0|  0|  20|          20|          20|
    |select_ln49_fu_172_p3  |    select|   0|  0|  17|           1|          17|
    |x_3_fu_154_p3          |    select|   0|  0|  20|           1|          20|
    |y_3_fu_163_p3          |    select|   0|  0|  20|           1|          20|
    +-----------------------+----------+----+---+----+------------+------------+
    |Total                  |          |   0|  0| 158|          45|         118|
    +-----------------------+----------+----+---+----+------------+------------+

    * Multiplexer: 
    +--------------------------------------+----+-----------+-----+-----------+
    |                 Name                 | LUT| Input Size| Bits| Total Bits|
    +--------------------------------------+----+-----------+-----+-----------+
    |ap_NS_fsm                             |  25|          5|    1|          5|
    |ap_phi_mux_storemerge11_phi_fu_92_p4  |   9|          2|   20|         40|
    |ap_phi_mux_storemerge_phi_fu_104_p4   |   9|          2|   19|         38|
    |storemerge11_reg_88                   |   9|          2|   20|         40|
    |storemerge_reg_100                    |   9|          2|   19|         38|
    +--------------------------------------+----+-----------+-----+-----------+
    |Total                                 |  61|         13|   79|        161|
    +--------------------------------------+----+-----------+-----+-----------+

    * Register: 
    +-----------------------------------------------------------------+----+----+-----+-----------+
    |                               Name                              | FF | LUT| Bits| Const Bits|
    +-----------------------------------------------------------------+----+----+-----+-----------+
    |ap_CS_fsm                                                        |   4|   0|    4|          0|
    |grp_cordiccart2pol_Pipeline_VITIS_LOOP_49_1_fu_111_ap_start_reg  |   1|   0|    1|          0|
    |icmp_ln32_reg_225                                                |   1|   0|    1|          0|
    |select_ln49_reg_239                                              |   9|   0|   17|          8|
    |storemerge11_reg_88                                              |  20|   0|   20|          0|
    |storemerge_reg_100                                               |  19|   0|   19|          0|
    |trunc_ln_reg_244                                                 |  20|   0|   20|          0|
    |x_3_reg_229                                                      |  20|   0|   20|          0|
    |y_3_reg_234                                                      |  20|   0|   20|          0|
    +-----------------------------------------------------------------+----+----+-----+-----------+
    |Total                                                            | 114|   0|  122|          8|
    +-----------------------------------------------------------------+----+----+-----+-----------+



================================================================
== Interface
================================================================
* Summary: 
+--------------+-----+-----+------------+----------------+--------------+
|   RTL Ports  | Dir | Bits|  Protocol  |  Source Object |    C Type    |
+--------------+-----+-----+------------+----------------+--------------+
|ap_clk        |   in|    1|  ap_ctrl_hs|  cordiccart2pol|  return value|
|ap_rst        |   in|    1|  ap_ctrl_hs|  cordiccart2pol|  return value|
|ap_start      |   in|    1|  ap_ctrl_hs|  cordiccart2pol|  return value|
|ap_done       |  out|    1|  ap_ctrl_hs|  cordiccart2pol|  return value|
|ap_idle       |  out|    1|  ap_ctrl_hs|  cordiccart2pol|  return value|
|ap_ready      |  out|    1|  ap_ctrl_hs|  cordiccart2pol|  return value|
|x             |   in|   20|     ap_none|               x|        scalar|
|y             |   in|   20|     ap_none|               y|        scalar|
|r             |  out|   20|      ap_vld|               r|       pointer|
|r_ap_vld      |  out|    1|      ap_vld|               r|       pointer|
|theta         |  out|   20|      ap_vld|           theta|       pointer|
|theta_ap_vld  |  out|    1|      ap_vld|           theta|       pointer|
+--------------+-----+-----+------------+----------------+--------------+

