

================================================================
== Vitis HLS Report for 'cordiccart2pol'
================================================================
* Date:           Mon Oct 27 06:51:25 2025

* Version:        2025.1 (Build 6135595 on May 21 2025)
* Project:        cordiccart2pol.comp
* Solution:       hls (Vivado IP Flow Target)
* Product family: zynq
* Target device:  xc7z020-clg400-1


================================================================
== Performance Estimates
================================================================
+ Timing: 
    * Summary: 
    +--------+----------+----------+------------+
    |  Clock |  Target  | Estimated| Uncertainty|
    +--------+----------+----------+------------+
    |ap_clk  |  10.00 ns|  6.518 ns|     2.70 ns|
    +--------+----------+----------+------------+

+ Latency: 
    * Summary: 
    +---------+---------+-----------+----------+-----+-----+---------+
    |  Latency (cycles) |  Latency (absolute)  |  Interval | Pipeline|
    |   min   |   max   |    min    |    max   | min | max |   Type  |
    +---------+---------+-----------+----------+-----+-----+---------+
    |        1|       46|  10.000 ns|  0.460 us|    2|   47|       no|
    +---------+---------+-----------+----------+-----+-----+---------+

    + Detail: 
        * Instance: 
        +----------------------------------------------------+-----------------------------------------+---------+---------+----------+----------+-----+-----+------------------------------------------------+
        |                                                    |                                         |  Latency (cycles) |  Latency (absolute) |  Interval |                    Pipeline                    |
        |                      Instance                      |                  Module                 |   min   |   max   |    min   |    max   | min | max |                      Type                      |
        +----------------------------------------------------+-----------------------------------------+---------+---------+----------+----------+-----+-----+------------------------------------------------+
        |grp_cordiccart2pol_Pipeline_VITIS_LOOP_49_1_fu_113  |cordiccart2pol_Pipeline_VITIS_LOOP_49_1  |       43|       43|  0.430 us|  0.430 us|   42|   42|  loop auto-rewind stp (delay=0 clock cycles(s))|
        +----------------------------------------------------+-----------------------------------------+---------+---------+----------+----------+-----+-----+------------------------------------------------+

        * Loop: 
        N/A



================================================================
== Utilization Estimates
================================================================
* Summary: 
+-----------------+---------+-----+--------+-------+-----+
|       Name      | BRAM_18K| DSP |   FF   |  LUT  | URAM|
+-----------------+---------+-----+--------+-------+-----+
|DSP              |        -|    -|       -|      -|    -|
|Expression       |        -|    -|       0|     86|    -|
|FIFO             |        -|    -|       -|      -|    -|
|Instance         |        0|    -|     110|    379|    -|
|Memory           |        -|    -|       -|      -|    -|
|Multiplexer      |        -|    -|       0|     61|    -|
|Register         |        -|    -|      40|      -|    -|
+-----------------+---------+-----+--------+-------+-----+
|Total            |        0|    0|     150|    526|    0|
+-----------------+---------+-----+--------+-------+-----+
|Available        |      280|  220|  106400|  53200|    0|
+-----------------+---------+-----+--------+-------+-----+
|Utilization (%)  |        0|    0|      ~0|     ~0|    0|
+-----------------+---------+-----+--------+-------+-----+

+ Detail: 
    * Instance: 
    +----------------------------------------------------+-----------------------------------------+---------+----+-----+-----+-----+
    |                      Instance                      |                  Module                 | BRAM_18K| DSP|  FF | LUT | URAM|
    +----------------------------------------------------+-----------------------------------------+---------+----+-----+-----+-----+
    |grp_cordiccart2pol_Pipeline_VITIS_LOOP_49_1_fu_113  |cordiccart2pol_Pipeline_VITIS_LOOP_49_1  |        0|   0|  110|  379|    0|
    +----------------------------------------------------+-----------------------------------------+---------+----+-----+-----+-----+
    |Total                                               |                                         |        0|   0|  110|  379|    0|
    +----------------------------------------------------+-----------------------------------------+---------+----+-----+-----+-----+

    * DSP: 
    N/A

    * Memory: 
    N/A

    * FIFO: 
    N/A

    * Expression: 
    +-----------------------+----------+----+---+----+------------+------------+
    |     Variable Name     | Operation| DSP| FF| LUT| Bitwidth P0| Bitwidth P1|
    +-----------------------+----------+----+---+----+------------+------------+
    |add_ln74_fu_203_p2     |         +|   0|  0|  12|          12|          12|
    |x_5_fu_144_p2          |         -|   0|  0|  15|           1|           8|
    |y_5_fu_150_p2          |         -|   0|  0|  15|           1|           8|
    |icmp_ln32_fu_130_p2    |      icmp|   0|  0|  15|           8|           1|
    |or_ln32_fu_124_p2      |        or|   0|  0|   8|           8|           8|
    |select_ln42_fu_172_p3  |    select|   0|  0|   5|           1|           5|
    |x_6_fu_164_p3          |    select|   0|  0|   8|           1|           8|
    |y_6_fu_156_p3          |    select|   0|  0|   8|           1|           8|
    +-----------------------+----------+----+---+----+------------+------------+
    |Total                  |          |   0|  0|  86|          33|          58|
    +-----------------------+----------+----+---+----+------------+------------+

    * Multiplexer: 
    +-------------------------------------+----+-----------+-----+-----------+
    |                 Name                | LUT| Input Size| Bits| Total Bits|
    +-------------------------------------+----+-----------+-----+-----------+
    |ap_NS_fsm                            |  25|          5|    1|          5|
    |ap_phi_mux_storemerge2_phi_fu_94_p4  |   9|          2|    8|         16|
    |ap_phi_mux_storemerge_phi_fu_106_p4  |   9|          2|    7|         14|
    |storemerge2_reg_90                   |   9|          2|    8|         16|
    |storemerge_reg_102                   |   9|          2|    7|         14|
    +-------------------------------------+----+-----------+-----+-----------+
    |Total                                |  61|         13|   31|         65|
    +-------------------------------------+----+-----------+-----+-----------+

    * Register: 
    +-----------------------------------------------------------------+---+----+-----+-----------+
    |                               Name                              | FF| LUT| Bits| Const Bits|
    +-----------------------------------------------------------------+---+----+-----+-----------+
    |ap_CS_fsm                                                        |  4|   0|    4|          0|
    |grp_cordiccart2pol_Pipeline_VITIS_LOOP_49_1_fu_113_ap_start_reg  |  1|   0|    1|          0|
    |icmp_ln32_reg_237                                                |  1|   0|    1|          0|
    |select_ln42_reg_256                                              |  2|   0|    5|          3|
    |storemerge2_reg_90                                               |  8|   0|    8|          0|
    |storemerge_reg_102                                               |  7|   0|    7|          0|
    |tmp_reg_241                                                      |  1|   0|    1|          0|
    |x_6_reg_251                                                      |  8|   0|    8|          0|
    |y_6_reg_246                                                      |  8|   0|    8|          0|
    +-----------------------------------------------------------------+---+----+-----+-----------+
    |Total                                                            | 40|   0|   43|          3|
    +-----------------------------------------------------------------+---+----+-----+-----------+



================================================================
== Interface
================================================================
* Summary: 
+--------------+-----+-----+------------+----------------+--------------+
|   RTL Ports  | Dir | Bits|  Protocol  |  Source Object |    C Type    |
+--------------+-----+-----+------------+----------------+--------------+
|ap_clk        |   in|    1|  ap_ctrl_hs|  cordiccart2pol|  return value|
|ap_rst        |   in|    1|  ap_ctrl_hs|  cordiccart2pol|  return value|
|ap_start      |   in|    1|  ap_ctrl_hs|  cordiccart2pol|  return value|
|ap_done       |  out|    1|  ap_ctrl_hs|  cordiccart2pol|  return value|
|ap_idle       |  out|    1|  ap_ctrl_hs|  cordiccart2pol|  return value|
|ap_ready      |  out|    1|  ap_ctrl_hs|  cordiccart2pol|  return value|
|x             |   in|    8|     ap_none|               x|        scalar|
|y             |   in|    8|     ap_none|               y|        scalar|
|r             |  out|    8|      ap_vld|               r|       pointer|
|r_ap_vld      |  out|    1|      ap_vld|               r|       pointer|
|theta         |  out|    8|      ap_vld|           theta|       pointer|
|theta_ap_vld  |  out|    1|      ap_vld|           theta|       pointer|
+--------------+-----+-----+------------+----------------+--------------+

